  Determining projects to restore...
  All projects are up-to-date for restore.
/Users/muhammetkocaman/MuhasebeStokWebApp/Services/FaturaOrchestrationService.cs(179,17): error CS1524: Expected catch or finally [/Users/muhammetkocaman/MuhasebeStokWebApp/MuhasebeStokWebApp.csproj]
/Users/muhammetkocaman/MuhasebeStokWebApp/Services/FaturaOrchestrationService.cs(288,13): error CS1519: Invalid token 'catch' in class, record, struct, or interface member declaration [/Users/muhammetkocaman/MuhasebeStokWebApp/MuhasebeStokWebApp.csproj]
/Users/muhammetkocaman/MuhasebeStokWebApp/Services/FaturaOrchestrationService.cs(288,32): error CS8124: Tuple must contain at least two elements. [/Users/muhammetkocaman/MuhasebeStokWebApp/MuhasebeStokWebApp.csproj]
/Users/muhammetkocaman/MuhasebeStokWebApp/Services/FaturaOrchestrationService.cs(289,13): error CS1519: Invalid token '{' in class, record, struct, or interface member declaration [/Users/muhammetkocaman/MuhasebeStokWebApp/MuhasebeStokWebApp.csproj]
/Users/muhammetkocaman/MuhasebeStokWebApp/Services/FaturaOrchestrationService.cs(291,34): error CS1519: Invalid token '(' in class, record, struct, or interface member declaration [/Users/muhammetkocaman/MuhasebeStokWebApp/MuhasebeStokWebApp.csproj]
/Users/muhammetkocaman/MuhasebeStokWebApp/TempModels/MuhasebeStokDbContext.cs(103,10): warning CS1030: #warning: 'To protect potentially sensitive information in your connection string, you should move it out of source code. You can avoid scaffolding the connection string by using the Name= syntax to read it from configuration - see https://go.microsoft.com/fwlink/?linkid=2131148. For more guidance on storing connection strings, see https://go.microsoft.com/fwlink/?LinkId=723263.' [/Users/muhammetkocaman/MuhasebeStokWebApp/MuhasebeStokWebApp.csproj]
/Users/muhammetkocaman/MuhasebeStokWebApp/Services/FaturaOrchestrationService.cs(291,35): error CS1031: Type expected [/Users/muhammetkocaman/MuhasebeStokWebApp/MuhasebeStokWebApp.csproj]
/Users/muhammetkocaman/MuhasebeStokWebApp/Services/FaturaOrchestrationService.cs(291,35): error CS8124: Tuple must contain at least two elements. [/Users/muhammetkocaman/MuhasebeStokWebApp/MuhasebeStokWebApp.csproj]
/Users/muhammetkocaman/MuhasebeStokWebApp/Services/FaturaOrchestrationService.cs(291,35): error CS1026: ) expected [/Users/muhammetkocaman/MuhasebeStokWebApp/MuhasebeStokWebApp.csproj]
/Users/muhammetkocaman/MuhasebeStokWebApp/Services/FaturaOrchestrationService.cs(291,35): error CS1519: Invalid token '"Fatura oluşturma hatası: {0}"' in class, record, struct, or interface member declaration [/Users/muhammetkocaman/MuhasebeStokWebApp/MuhasebeStokWebApp.csproj]
/Users/muhammetkocaman/MuhasebeStokWebApp/Services/FaturaOrchestrationService.cs(291,91): error CS1519: Invalid token ')' in class, record, struct, or interface member declaration [/Users/muhammetkocaman/MuhasebeStokWebApp/MuhasebeStokWebApp.csproj]
/Users/muhammetkocaman/MuhasebeStokWebApp/Services/FaturaOrchestrationService.cs(294,33): error CS8124: Tuple must contain at least two elements. [/Users/muhammetkocaman/MuhasebeStokWebApp/MuhasebeStokWebApp.csproj]
/Users/muhammetkocaman/MuhasebeStokWebApp/Services/FaturaOrchestrationService.cs(294,33): error CS1026: ) expected [/Users/muhammetkocaman/MuhasebeStokWebApp/MuhasebeStokWebApp.csproj]
/Users/muhammetkocaman/MuhasebeStokWebApp/Services/FaturaOrchestrationService.cs(294,33): error CS1519: Invalid token '!=' in class, record, struct, or interface member declaration [/Users/muhammetkocaman/MuhasebeStokWebApp/MuhasebeStokWebApp.csproj]
/Users/muhammetkocaman/MuhasebeStokWebApp/Services/FaturaOrchestrationService.cs(298,38): error CS1519: Invalid token '(' in class, record, struct, or interface member declaration [/Users/muhammetkocaman/MuhasebeStokWebApp/MuhasebeStokWebApp.csproj]
/Users/muhammetkocaman/MuhasebeStokWebApp/Services/FaturaOrchestrationService.cs(298,39): error CS1031: Type expected [/Users/muhammetkocaman/MuhasebeStokWebApp/MuhasebeStokWebApp.csproj]
/Users/muhammetkocaman/MuhasebeStokWebApp/Services/FaturaOrchestrationService.cs(298,39): error CS8124: Tuple must contain at least two elements. [/Users/muhammetkocaman/MuhasebeStokWebApp/MuhasebeStokWebApp.csproj]
/Users/muhammetkocaman/MuhasebeStokWebApp/Services/FaturaOrchestrationService.cs(298,39): error CS1026: ) expected [/Users/muhammetkocaman/MuhasebeStokWebApp/MuhasebeStokWebApp.csproj]
/Users/muhammetkocaman/MuhasebeStokWebApp/Services/FaturaOrchestrationService.cs(298,39): error CS1519: Invalid token '"Transaction geri alındı"' in class, record, struct, or interface member declaration [/Users/muhammetkocaman/MuhasebeStokWebApp/MuhasebeStokWebApp.csproj]
/Users/muhammetkocaman/MuhasebeStokWebApp/Services/FaturaOrchestrationService.cs(301,17): error CS1022: Type or namespace definition, or end-of-file expected [/Users/muhammetkocaman/MuhasebeStokWebApp/MuhasebeStokWebApp.csproj]
/Users/muhammetkocaman/MuhasebeStokWebApp/Services/FaturaOrchestrationService.cs(303,9): error CS1022: Type or namespace definition, or end-of-file expected [/Users/muhammetkocaman/MuhasebeStokWebApp/MuhasebeStokWebApp.csproj]
/Users/muhammetkocaman/MuhasebeStokWebApp/Services/FaturaOrchestrationService.cs(308,9): error CS8803: Top-level statements must precede namespace and type declarations. [/Users/muhammetkocaman/MuhasebeStokWebApp/MuhasebeStokWebApp.csproj]
/Users/muhammetkocaman/MuhasebeStokWebApp/Services/FaturaOrchestrationService.cs(308,9): error CS0106: The modifier 'public' is not valid for this item [/Users/muhammetkocaman/MuhasebeStokWebApp/MuhasebeStokWebApp.csproj]
/Users/muhammetkocaman/MuhasebeStokWebApp/Services/FaturaOrchestrationService.cs(349,9): error CS0106: The modifier 'public' is not valid for this item [/Users/muhammetkocaman/MuhasebeStokWebApp/MuhasebeStokWebApp.csproj]
/Users/muhammetkocaman/MuhasebeStokWebApp/Services/FaturaOrchestrationService.cs(466,5): error CS1022: Type or namespace definition, or end-of-file expected [/Users/muhammetkocaman/MuhasebeStokWebApp/MuhasebeStokWebApp.csproj]
/Users/muhammetkocaman/MuhasebeStokWebApp/Services/FaturaOrchestrationService.cs(467,1): error CS1022: Type or namespace definition, or end-of-file expected [/Users/muhammetkocaman/MuhasebeStokWebApp/MuhasebeStokWebApp.csproj]

Build FAILED.

/Users/muhammetkocaman/MuhasebeStokWebApp/TempModels/MuhasebeStokDbContext.cs(103,10): warning CS1030: #warning: 'To protect potentially sensitive information in your connection string, you should move it out of source code. You can avoid scaffolding the connection string by using the Name= syntax to read it from configuration - see https://go.microsoft.com/fwlink/?linkid=2131148. For more guidance on storing connection strings, see https://go.microsoft.com/fwlink/?LinkId=723263.' [/Users/muhammetkocaman/MuhasebeStokWebApp/MuhasebeStokWebApp.csproj]
/Users/muhammetkocaman/MuhasebeStokWebApp/Services/FaturaOrchestrationService.cs(179,17): error CS1524: Expected catch or finally [/Users/muhammetkocaman/MuhasebeStokWebApp/MuhasebeStokWebApp.csproj]
/Users/muhammetkocaman/MuhasebeStokWebApp/Services/FaturaOrchestrationService.cs(288,13): error CS1519: Invalid token 'catch' in class, record, struct, or interface member declaration [/Users/muhammetkocaman/MuhasebeStokWebApp/MuhasebeStokWebApp.csproj]
/Users/muhammetkocaman/MuhasebeStokWebApp/Services/FaturaOrchestrationService.cs(288,32): error CS8124: Tuple must contain at least two elements. [/Users/muhammetkocaman/MuhasebeStokWebApp/MuhasebeStokWebApp.csproj]
/Users/muhammetkocaman/MuhasebeStokWebApp/Services/FaturaOrchestrationService.cs(289,13): error CS1519: Invalid token '{' in class, record, struct, or interface member declaration [/Users/muhammetkocaman/MuhasebeStokWebApp/MuhasebeStokWebApp.csproj]
/Users/muhammetkocaman/MuhasebeStokWebApp/Services/FaturaOrchestrationService.cs(291,34): error CS1519: Invalid token '(' in class, record, struct, or interface member declaration [/Users/muhammetkocaman/MuhasebeStokWebApp/MuhasebeStokWebApp.csproj]
/Users/muhammetkocaman/MuhasebeStokWebApp/Services/FaturaOrchestrationService.cs(291,35): error CS1031: Type expected [/Users/muhammetkocaman/MuhasebeStokWebApp/MuhasebeStokWebApp.csproj]
/Users/muhammetkocaman/MuhasebeStokWebApp/Services/FaturaOrchestrationService.cs(291,35): error CS8124: Tuple must contain at least two elements. [/Users/muhammetkocaman/MuhasebeStokWebApp/MuhasebeStokWebApp.csproj]
/Users/muhammetkocaman/MuhasebeStokWebApp/Services/FaturaOrchestrationService.cs(291,35): error CS1026: ) expected [/Users/muhammetkocaman/MuhasebeStokWebApp/MuhasebeStokWebApp.csproj]
/Users/muhammetkocaman/MuhasebeStokWebApp/Services/FaturaOrchestrationService.cs(291,35): error CS1519: Invalid token '"Fatura oluşturma hatası: {0}"' in class, record, struct, or interface member declaration [/Users/muhammetkocaman/MuhasebeStokWebApp/MuhasebeStokWebApp.csproj]
/Users/muhammetkocaman/MuhasebeStokWebApp/Services/FaturaOrchestrationService.cs(291,91): error CS1519: Invalid token ')' in class, record, struct, or interface member declaration [/Users/muhammetkocaman/MuhasebeStokWebApp/MuhasebeStokWebApp.csproj]
/Users/muhammetkocaman/MuhasebeStokWebApp/Services/FaturaOrchestrationService.cs(294,33): error CS8124: Tuple must contain at least two elements. [/Users/muhammetkocaman/MuhasebeStokWebApp/MuhasebeStokWebApp.csproj]
/Users/muhammetkocaman/MuhasebeStokWebApp/Services/FaturaOrchestrationService.cs(294,33): error CS1026: ) expected [/Users/muhammetkocaman/MuhasebeStokWebApp/MuhasebeStokWebApp.csproj]
/Users/muhammetkocaman/MuhasebeStokWebApp/Services/FaturaOrchestrationService.cs(294,33): error CS1519: Invalid token '!=' in class, record, struct, or interface member declaration [/Users/muhammetkocaman/MuhasebeStokWebApp/MuhasebeStokWebApp.csproj]
/Users/muhammetkocaman/MuhasebeStokWebApp/Services/FaturaOrchestrationService.cs(298,38): error CS1519: Invalid token '(' in class, record, struct, or interface member declaration [/Users/muhammetkocaman/MuhasebeStokWebApp/MuhasebeStokWebApp.csproj]
/Users/muhammetkocaman/MuhasebeStokWebApp/Services/FaturaOrchestrationService.cs(298,39): error CS1031: Type expected [/Users/muhammetkocaman/MuhasebeStokWebApp/MuhasebeStokWebApp.csproj]
/Users/muhammetkocaman/MuhasebeStokWebApp/Services/FaturaOrchestrationService.cs(298,39): error CS8124: Tuple must contain at least two elements. [/Users/muhammetkocaman/MuhasebeStokWebApp/MuhasebeStokWebApp.csproj]
/Users/muhammetkocaman/MuhasebeStokWebApp/Services/FaturaOrchestrationService.cs(298,39): error CS1026: ) expected [/Users/muhammetkocaman/MuhasebeStokWebApp/MuhasebeStokWebApp.csproj]
/Users/muhammetkocaman/MuhasebeStokWebApp/Services/FaturaOrchestrationService.cs(298,39): error CS1519: Invalid token '"Transaction geri alındı"' in class, record, struct, or interface member declaration [/Users/muhammetkocaman/MuhasebeStokWebApp/MuhasebeStokWebApp.csproj]
/Users/muhammetkocaman/MuhasebeStokWebApp/Services/FaturaOrchestrationService.cs(301,17): error CS1022: Type or namespace definition, or end-of-file expected [/Users/muhammetkocaman/MuhasebeStokWebApp/MuhasebeStokWebApp.csproj]
/Users/muhammetkocaman/MuhasebeStokWebApp/Services/FaturaOrchestrationService.cs(303,9): error CS1022: Type or namespace definition, or end-of-file expected [/Users/muhammetkocaman/MuhasebeStokWebApp/MuhasebeStokWebApp.csproj]
/Users/muhammetkocaman/MuhasebeStokWebApp/Services/FaturaOrchestrationService.cs(308,9): error CS8803: Top-level statements must precede namespace and type declarations. [/Users/muhammetkocaman/MuhasebeStokWebApp/MuhasebeStokWebApp.csproj]
/Users/muhammetkocaman/MuhasebeStokWebApp/Services/FaturaOrchestrationService.cs(308,9): error CS0106: The modifier 'public' is not valid for this item [/Users/muhammetkocaman/MuhasebeStokWebApp/MuhasebeStokWebApp.csproj]
/Users/muhammetkocaman/MuhasebeStokWebApp/Services/FaturaOrchestrationService.cs(349,9): error CS0106: The modifier 'public' is not valid for this item [/Users/muhammetkocaman/MuhasebeStokWebApp/MuhasebeStokWebApp.csproj]
/Users/muhammetkocaman/MuhasebeStokWebApp/Services/FaturaOrchestrationService.cs(466,5): error CS1022: Type or namespace definition, or end-of-file expected [/Users/muhammetkocaman/MuhasebeStokWebApp/MuhasebeStokWebApp.csproj]
/Users/muhammetkocaman/MuhasebeStokWebApp/Services/FaturaOrchestrationService.cs(467,1): error CS1022: Type or namespace definition, or end-of-file expected [/Users/muhammetkocaman/MuhasebeStokWebApp/MuhasebeStokWebApp.csproj]
    1 Warning(s)
    25 Error(s)

Time Elapsed 00:00:03.53
